[0.033s] Invoking command in '/home/albinovo/ros2_ws/src/porsche/build/porsche': CMAKE_PREFIX_PATH=${CMAKE_PREFIX_PATH}:/home/albinovo/ros2_ws/install/python_parameters:/home/albinovo/ros2_ws/install/python_action:/home/albinovo/ros2_ws/install/py_srvcli:/home/albinovo/ros2_ws/install/py_pubsub:/home/albinovo/ros2_ws/install/car_controller:/home/albinovo/ros2_ws/install/autocar_servcli:/home/albinovo/ros2_ws/install/autocar_pubsub:/home/albinovo/ros2_ws/install/autocar_parameters:/home/albinovo/ros2_ws/install/autocar_parameter_event_handler:/home/albinovo/ros2_ws/install/autocar_action_manager:/opt/ros/jazzy /usr/bin/cmake /home/albinovo/ros2_ws/src/porsche -DCMAKE_INSTALL_PREFIX=/home/albinovo/ros2_ws/src/porsche/install/porsche
[0.470s] -- The C compiler identification is GNU 13.3.0
[1.413s] -- The CXX compiler identification is GNU 13.3.0
[2.099s] -- Detecting C compiler ABI info
[2.601s] -- Detecting C compiler ABI info - done
[2.618s] -- Check for working C compiler: /usr/bin/cc - skipped
[2.619s] -- Detecting C compile features
[2.620s] -- Detecting C compile features - done
[2.757s] -- Detecting CXX compiler ABI info
[3.309s] -- Detecting CXX compiler ABI info - done
[3.327s] -- Check for working CXX compiler: /usr/bin/c++ - skipped
[3.328s] -- Detecting CXX compile features
[3.328s] -- Detecting CXX compile features - done
[3.415s] -- Found ament_cmake: 2.5.4 (/opt/ros/jazzy/share/ament_cmake/cmake)
[3.836s] -- Found Python3: /usr/bin/python3 (found version "3.12.3") found components: Interpreter 
[4.194s] -- Found ament_lint_auto: 0.17.3 (/opt/ros/jazzy/share/ament_lint_auto/cmake)
[4.530s] -- Added test 'cppcheck' to perform static code analysis on C / C++ code
[4.530s] -- Configured cppcheck include dirs: 
[4.530s] -- Configured cppcheck exclude dirs and/or files: 
[4.539s] -- Added test 'flake8' to check Python code syntax and style conventions
[4.539s] -- Configured 'flake8' exclude dirs and/or files: 
[4.552s] -- Added test 'lint_cmake' to check CMake code style
[4.560s] -- Added test 'pep257' to check Python code against some of the docstring style conventions in PEP 257
[4.601s] -- Added test 'uncrustify' to check C / C++ code style
[4.602s] -- Configured uncrustify additional arguments: 
[4.611s] -- Added test 'xmllint' to check XML markup files
[4.621s] -- Configuring done (4.6s)
[4.645s] -- Generating done (0.0s)
[4.652s] -- Build files have been written to: /home/albinovo/ros2_ws/src/porsche/build/porsche
[4.664s] Invoked command in '/home/albinovo/ros2_ws/src/porsche/build/porsche' returned '0': CMAKE_PREFIX_PATH=${CMAKE_PREFIX_PATH}:/home/albinovo/ros2_ws/install/python_parameters:/home/albinovo/ros2_ws/install/python_action:/home/albinovo/ros2_ws/install/py_srvcli:/home/albinovo/ros2_ws/install/py_pubsub:/home/albinovo/ros2_ws/install/car_controller:/home/albinovo/ros2_ws/install/autocar_servcli:/home/albinovo/ros2_ws/install/autocar_pubsub:/home/albinovo/ros2_ws/install/autocar_parameters:/home/albinovo/ros2_ws/install/autocar_parameter_event_handler:/home/albinovo/ros2_ws/install/autocar_action_manager:/opt/ros/jazzy /usr/bin/cmake /home/albinovo/ros2_ws/src/porsche -DCMAKE_INSTALL_PREFIX=/home/albinovo/ros2_ws/src/porsche/install/porsche
[4.667s] Invoking command in '/home/albinovo/ros2_ws/src/porsche/build/porsche': CMAKE_PREFIX_PATH=${CMAKE_PREFIX_PATH}:/home/albinovo/ros2_ws/install/python_parameters:/home/albinovo/ros2_ws/install/python_action:/home/albinovo/ros2_ws/install/py_srvcli:/home/albinovo/ros2_ws/install/py_pubsub:/home/albinovo/ros2_ws/install/car_controller:/home/albinovo/ros2_ws/install/autocar_servcli:/home/albinovo/ros2_ws/install/autocar_pubsub:/home/albinovo/ros2_ws/install/autocar_parameters:/home/albinovo/ros2_ws/install/autocar_parameter_event_handler:/home/albinovo/ros2_ws/install/autocar_action_manager:/opt/ros/jazzy /usr/bin/cmake --build /home/albinovo/ros2_ws/src/porsche/build/porsche -- -j12 -l12
[4.793s] Invoked command in '/home/albinovo/ros2_ws/src/porsche/build/porsche' returned '0': CMAKE_PREFIX_PATH=${CMAKE_PREFIX_PATH}:/home/albinovo/ros2_ws/install/python_parameters:/home/albinovo/ros2_ws/install/python_action:/home/albinovo/ros2_ws/install/py_srvcli:/home/albinovo/ros2_ws/install/py_pubsub:/home/albinovo/ros2_ws/install/car_controller:/home/albinovo/ros2_ws/install/autocar_servcli:/home/albinovo/ros2_ws/install/autocar_pubsub:/home/albinovo/ros2_ws/install/autocar_parameters:/home/albinovo/ros2_ws/install/autocar_parameter_event_handler:/home/albinovo/ros2_ws/install/autocar_action_manager:/opt/ros/jazzy /usr/bin/cmake --build /home/albinovo/ros2_ws/src/porsche/build/porsche -- -j12 -l12
[4.823s] Invoking command in '/home/albinovo/ros2_ws/src/porsche/build/porsche': CMAKE_PREFIX_PATH=${CMAKE_PREFIX_PATH}:/home/albinovo/ros2_ws/install/python_parameters:/home/albinovo/ros2_ws/install/python_action:/home/albinovo/ros2_ws/install/py_srvcli:/home/albinovo/ros2_ws/install/py_pubsub:/home/albinovo/ros2_ws/install/car_controller:/home/albinovo/ros2_ws/install/autocar_servcli:/home/albinovo/ros2_ws/install/autocar_pubsub:/home/albinovo/ros2_ws/install/autocar_parameters:/home/albinovo/ros2_ws/install/autocar_parameter_event_handler:/home/albinovo/ros2_ws/install/autocar_action_manager:/opt/ros/jazzy /usr/bin/cmake --install /home/albinovo/ros2_ws/src/porsche/build/porsche
[4.847s] -- Install configuration: ""
[4.847s] -- Installing: /home/albinovo/ros2_ws/src/porsche/install/porsche/share/porsche/src
[4.851s] -- Installing: /home/albinovo/ros2_ws/src/porsche/install/porsche/share/porsche/src/description
[4.852s] -- Installing: /home/albinovo/ros2_ws/src/porsche/install/porsche/share/porsche/src/description/porsche_description.urdf
[4.854s] -- Installing: /home/albinovo/ros2_ws/src/porsche/install/porsche/share/porsche/src/description/porsche_description.sdf
[4.854s] -- Installing: /home/albinovo/ros2_ws/src/porsche/install/porsche/share/porsche/launch
[4.856s] -- Installing: /home/albinovo/ros2_ws/src/porsche/install/porsche/share/porsche/launch/display.launch.py
[4.857s] -- Installing: /home/albinovo/ros2_ws/src/porsche/install/porsche/share/porsche/rviz
[4.858s] -- Installing: /home/albinovo/ros2_ws/src/porsche/install/porsche/share/porsche/rviz/config.rviz
[4.860s] -- Installing: /home/albinovo/ros2_ws/src/porsche/install/porsche/share/porsche/config
[4.861s] -- Installing: /home/albinovo/ros2_ws/src/porsche/install/porsche/share/porsche/config/bridge_config.yaml
[4.861s] -- Installing: /home/albinovo/ros2_ws/src/porsche/install/porsche/share/porsche/world
[4.863s] -- Installing: /home/albinovo/ros2_ws/src/porsche/install/porsche/share/porsche/world/my_world.sdf
[4.867s] -- Installing: /home/albinovo/ros2_ws/src/porsche/install/porsche/share/ament_index/resource_index/package_run_dependencies/porsche
[4.871s] -- Installing: /home/albinovo/ros2_ws/src/porsche/install/porsche/share/ament_index/resource_index/parent_prefix_path/porsche
[4.872s] -- Installing: /home/albinovo/ros2_ws/src/porsche/install/porsche/share/porsche/environment/ament_prefix_path.sh
[4.873s] -- Installing: /home/albinovo/ros2_ws/src/porsche/install/porsche/share/porsche/environment/ament_prefix_path.dsv
[4.873s] -- Installing: /home/albinovo/ros2_ws/src/porsche/install/porsche/share/porsche/environment/path.sh
[4.874s] -- Installing: /home/albinovo/ros2_ws/src/porsche/install/porsche/share/porsche/environment/path.dsv
[4.874s] -- Installing: /home/albinovo/ros2_ws/src/porsche/install/porsche/share/porsche/local_setup.bash
[4.875s] -- Installing: /home/albinovo/ros2_ws/src/porsche/install/porsche/share/porsche/local_setup.sh
[4.875s] -- Installing: /home/albinovo/ros2_ws/src/porsche/install/porsche/share/porsche/local_setup.zsh
[4.876s] -- Installing: /home/albinovo/ros2_ws/src/porsche/install/porsche/share/porsche/local_setup.dsv
[4.876s] -- Installing: /home/albinovo/ros2_ws/src/porsche/install/porsche/share/porsche/package.dsv
[4.878s] -- Installing: /home/albinovo/ros2_ws/src/porsche/install/porsche/share/ament_index/resource_index/packages/porsche
[4.880s] -- Installing: /home/albinovo/ros2_ws/src/porsche/install/porsche/share/porsche/cmake/porscheConfig.cmake
[4.880s] -- Installing: /home/albinovo/ros2_ws/src/porsche/install/porsche/share/porsche/cmake/porscheConfig-version.cmake
[4.882s] -- Installing: /home/albinovo/ros2_ws/src/porsche/install/porsche/share/porsche/package.xml
[4.888s] Invoked command in '/home/albinovo/ros2_ws/src/porsche/build/porsche' returned '0': CMAKE_PREFIX_PATH=${CMAKE_PREFIX_PATH}:/home/albinovo/ros2_ws/install/python_parameters:/home/albinovo/ros2_ws/install/python_action:/home/albinovo/ros2_ws/install/py_srvcli:/home/albinovo/ros2_ws/install/py_pubsub:/home/albinovo/ros2_ws/install/car_controller:/home/albinovo/ros2_ws/install/autocar_servcli:/home/albinovo/ros2_ws/install/autocar_pubsub:/home/albinovo/ros2_ws/install/autocar_parameters:/home/albinovo/ros2_ws/install/autocar_parameter_event_handler:/home/albinovo/ros2_ws/install/autocar_action_manager:/opt/ros/jazzy /usr/bin/cmake --install /home/albinovo/ros2_ws/src/porsche/build/porsche
