[0.319s] DEBUG:colcon:Command line arguments: ['/usr/bin/colcon', 'build', '--packages-select', 'porsche']
[0.319s] DEBUG:colcon:Parsed command line arguments: Namespace(log_base=None, log_level=None, verb_name='build', build_base='build', install_base='install', merge_install=False, symlink_install=False, test_result_base=None, continue_on_error=False, executor='parallel', parallel_workers=12, event_handlers=None, ignore_user_meta=False, metas=['./colcon.meta'], base_paths=['.'], packages_ignore=None, packages_ignore_regex=None, paths=None, packages_up_to=None, packages_up_to_regex=None, packages_above=None, packages_above_and_dependencies=None, packages_above_depth=None, packages_select_by_dep=None, packages_skip_by_dep=None, packages_skip_up_to=None, packages_select_build_failed=False, packages_skip_build_finished=False, packages_select_test_failures=False, packages_skip_test_passed=False, packages_select=['porsche'], packages_skip=None, packages_select_regex=None, packages_skip_regex=None, packages_start=None, packages_end=None, allow_overriding=[], cmake_args=None, cmake_target=None, cmake_target_skip_unavailable=False, cmake_clean_cache=False, cmake_clean_first=False, cmake_force_configure=False, ament_cmake_args=None, catkin_cmake_args=None, catkin_skip_building_tests=False, mixin_files=None, mixin=None, verb_parser=<colcon_mixin.mixin.mixin_argument.MixinArgumentDecorator object at 0x7409e2abda00>, verb_extension=<colcon_core.verb.build.BuildVerb object at 0x7409e2abd6d0>, main=<bound method BuildVerb.main of <colcon_core.verb.build.BuildVerb object at 0x7409e2abd6d0>>, mixin_verb=('build',))
[0.408s] Level 1:colcon.colcon_core.package_discovery:discover_packages(colcon_meta) check parameters
[0.408s] Level 1:colcon.colcon_core.package_discovery:discover_packages(recursive) check parameters
[0.409s] Level 1:colcon.colcon_core.package_discovery:discover_packages(ignore) check parameters
[0.409s] Level 1:colcon.colcon_core.package_discovery:discover_packages(path) check parameters
[0.409s] Level 1:colcon.colcon_core.package_discovery:discover_packages(colcon_meta) discover
[0.409s] Level 1:colcon.colcon_core.package_discovery:discover_packages(recursive) discover
[0.409s] INFO:colcon.colcon_core.package_discovery:Crawling recursively for packages in '/home/albinovo/ros2_ws/src/porsche'
[0.409s] Level 1:colcon.colcon_core.package_identification:_identify(.) by extensions ['ignore', 'ignore_ament_install']
[0.409s] Level 1:colcon.colcon_core.package_identification:_identify(.) by extension 'ignore'
[0.409s] Level 1:colcon.colcon_core.package_identification:_identify(.) by extension 'ignore_ament_install'
[0.410s] Level 1:colcon.colcon_core.package_identification:_identify(.) by extensions ['colcon_pkg']
[0.410s] Level 1:colcon.colcon_core.package_identification:_identify(.) by extension 'colcon_pkg'
[0.410s] Level 1:colcon.colcon_core.package_identification:_identify(.) by extensions ['colcon_meta']
[0.410s] Level 1:colcon.colcon_core.package_identification:_identify(.) by extension 'colcon_meta'
[0.410s] Level 1:colcon.colcon_core.package_identification:_identify(.) by extensions ['ros']
[0.410s] Level 1:colcon.colcon_core.package_identification:_identify(.) by extension 'ros'
[0.467s] DEBUG:colcon.colcon_core.package_identification:Package '.' with type 'ros.ament_cmake' and name 'porsche'
[0.467s] Level 1:colcon.colcon_core.package_discovery:discover_packages(recursive) using defaults
[0.467s] Level 1:colcon.colcon_core.package_discovery:discover_packages(ignore) discover
[0.467s] Level 1:colcon.colcon_core.package_discovery:discover_packages(ignore) using defaults
[0.467s] Level 1:colcon.colcon_core.package_discovery:discover_packages(path) discover
[0.467s] Level 1:colcon.colcon_core.package_discovery:discover_packages(path) using defaults
[0.503s] Level 1:colcon.colcon_core.package_discovery:discover_packages(prefix_path) check parameters
[0.504s] Level 1:colcon.colcon_core.package_discovery:discover_packages(prefix_path) discover
[0.505s] WARNING:colcon.colcon_ros.prefix_path.ament:The path '/home/albinovo/ros2_ws/install/sllidar_ros2' in the environment variable AMENT_PREFIX_PATH doesn't exist
[0.506s] WARNING:colcon.colcon_ros.prefix_path.ament:The path '/home/albinovo/ros2_ws/install/python_parameters' in the environment variable AMENT_PREFIX_PATH doesn't exist
[0.506s] WARNING:colcon.colcon_ros.prefix_path.ament:The path '/home/albinovo/ros2_ws/install/python_action' in the environment variable AMENT_PREFIX_PATH doesn't exist
[0.506s] WARNING:colcon.colcon_ros.prefix_path.ament:The path '/home/albinovo/ros2_ws/install/py_srvcli' in the environment variable AMENT_PREFIX_PATH doesn't exist
[0.506s] WARNING:colcon.colcon_ros.prefix_path.ament:The path '/home/albinovo/ros2_ws/install/py_pubsub' in the environment variable AMENT_PREFIX_PATH doesn't exist
[0.506s] WARNING:colcon.colcon_ros.prefix_path.ament:The path '/home/albinovo/ros2_ws/install/porsche_description' in the environment variable AMENT_PREFIX_PATH doesn't exist
[0.507s] WARNING:colcon.colcon_ros.prefix_path.ament:The path '/home/albinovo/ros2_ws/install/more_interfaces' in the environment variable AMENT_PREFIX_PATH doesn't exist
[0.507s] WARNING:colcon.colcon_ros.prefix_path.ament:The path '/home/albinovo/ros2_ws/install/gazebo_ackermann_steering_vehicle' in the environment variable AMENT_PREFIX_PATH doesn't exist
[0.507s] WARNING:colcon.colcon_ros.prefix_path.ament:The path '/home/albinovo/ros2_ws/install/custom_action_interfaces' in the environment variable AMENT_PREFIX_PATH doesn't exist
[0.507s] WARNING:colcon.colcon_ros.prefix_path.ament:The path '/home/albinovo/ros2_ws/install/car_controller' in the environment variable AMENT_PREFIX_PATH doesn't exist
[0.507s] WARNING:colcon.colcon_ros.prefix_path.ament:The path '/home/albinovo/ros2_ws/install/autocar_servcli' in the environment variable AMENT_PREFIX_PATH doesn't exist
[0.508s] WARNING:colcon.colcon_ros.prefix_path.ament:The path '/home/albinovo/ros2_ws/install/autocar_pubsub' in the environment variable AMENT_PREFIX_PATH doesn't exist
[0.508s] WARNING:colcon.colcon_ros.prefix_path.ament:The path '/home/albinovo/ros2_ws/install/autocar_parameters' in the environment variable AMENT_PREFIX_PATH doesn't exist
[0.508s] WARNING:colcon.colcon_ros.prefix_path.ament:The path '/home/albinovo/ros2_ws/install/autocar_parameter_event_handler' in the environment variable AMENT_PREFIX_PATH doesn't exist
[0.508s] WARNING:colcon.colcon_ros.prefix_path.ament:The path '/home/albinovo/ros2_ws/install/autocar_interface' in the environment variable AMENT_PREFIX_PATH doesn't exist
[0.508s] WARNING:colcon.colcon_ros.prefix_path.ament:The path '/home/albinovo/ros2_ws/install/autocar_action_manager' in the environment variable AMENT_PREFIX_PATH doesn't exist
[0.509s] WARNING:colcon.colcon_ros.prefix_path.ament:The path '/home/albinovo/ros2_ws/install/autocar_action_interface' in the environment variable AMENT_PREFIX_PATH doesn't exist
[0.509s] WARNING:colcon.colcon_ros.prefix_path.catkin:The path '/home/albinovo/ros2_ws/install/sllidar_ros2' in the environment variable CMAKE_PREFIX_PATH doesn't exist
[0.509s] WARNING:colcon.colcon_ros.prefix_path.catkin:The path '/home/albinovo/ros2_ws/install/porsche_description' in the environment variable CMAKE_PREFIX_PATH doesn't exist
[0.509s] WARNING:colcon.colcon_ros.prefix_path.catkin:The path '/home/albinovo/ros2_ws/install/more_interfaces' in the environment variable CMAKE_PREFIX_PATH doesn't exist
[0.509s] WARNING:colcon.colcon_ros.prefix_path.catkin:The path '/home/albinovo/ros2_ws/install/gazebo_ackermann_steering_vehicle' in the environment variable CMAKE_PREFIX_PATH doesn't exist
[0.510s] WARNING:colcon.colcon_ros.prefix_path.catkin:The path '/home/albinovo/ros2_ws/install/custom_action_interfaces' in the environment variable CMAKE_PREFIX_PATH doesn't exist
[0.510s] WARNING:colcon.colcon_ros.prefix_path.catkin:The path '/home/albinovo/ros2_ws/install/autocar_interface' in the environment variable CMAKE_PREFIX_PATH doesn't exist
[0.510s] WARNING:colcon.colcon_ros.prefix_path.catkin:The path '/home/albinovo/ros2_ws/install/autocar_action_interface' in the environment variable CMAKE_PREFIX_PATH doesn't exist
[0.512s] DEBUG:colcon.colcon_installed_package_information.package_discovery:Found 1 installed packages in /home/albinovo/ros2_ws/install
[0.517s] DEBUG:colcon.colcon_installed_package_information.package_discovery:Found 452 installed packages in /opt/ros/jazzy
[0.521s] Level 1:colcon.colcon_core.package_discovery:discover_packages(prefix_path) using defaults
[0.645s] Level 5:colcon.colcon_core.verb:set package 'porsche' build argument 'cmake_args' from command line to 'None'
[0.645s] Level 5:colcon.colcon_core.verb:set package 'porsche' build argument 'cmake_target' from command line to 'None'
[0.645s] Level 5:colcon.colcon_core.verb:set package 'porsche' build argument 'cmake_target_skip_unavailable' from command line to 'False'
[0.645s] Level 5:colcon.colcon_core.verb:set package 'porsche' build argument 'cmake_clean_cache' from command line to 'False'
[0.645s] Level 5:colcon.colcon_core.verb:set package 'porsche' build argument 'cmake_clean_first' from command line to 'False'
[0.645s] Level 5:colcon.colcon_core.verb:set package 'porsche' build argument 'cmake_force_configure' from command line to 'False'
[0.645s] Level 5:colcon.colcon_core.verb:set package 'porsche' build argument 'ament_cmake_args' from command line to 'None'
[0.645s] Level 5:colcon.colcon_core.verb:set package 'porsche' build argument 'catkin_cmake_args' from command line to 'None'
[0.645s] Level 5:colcon.colcon_core.verb:set package 'porsche' build argument 'catkin_skip_building_tests' from command line to 'False'
[0.645s] DEBUG:colcon.colcon_core.verb:Building package 'porsche' with the following arguments: {'ament_cmake_args': None, 'build_base': '/home/albinovo/ros2_ws/src/porsche/build/porsche', 'catkin_cmake_args': None, 'catkin_skip_building_tests': False, 'cmake_args': None, 'cmake_clean_cache': False, 'cmake_clean_first': False, 'cmake_force_configure': False, 'cmake_target': None, 'cmake_target_skip_unavailable': False, 'install_base': '/home/albinovo/ros2_ws/src/porsche/install/porsche', 'merge_install': False, 'path': '/home/albinovo/ros2_ws/src/porsche', 'symlink_install': False, 'test_result_base': None}
[0.645s] INFO:colcon.colcon_core.executor:Executing jobs using 'parallel' executor
[0.647s] DEBUG:colcon.colcon_parallel_executor.executor.parallel:run_until_complete
[0.648s] INFO:colcon.colcon_ros.task.ament_cmake.build:Building ROS package in '/home/albinovo/ros2_ws/src/porsche' with build type 'ament_cmake'
[0.649s] INFO:colcon.colcon_cmake.task.cmake.build:Building CMake package in '/home/albinovo/ros2_ws/src/porsche'
[0.653s] INFO:colcon.colcon_core.plugin_system:Skipping extension 'colcon_core.shell.bat': Not used on non-Windows systems
[0.654s] INFO:colcon.colcon_core.shell:Skip shell extension 'powershell' for command environment: Not usable outside of PowerShell
[0.654s] DEBUG:colcon.colcon_core.shell:Skip shell extension 'dsv' for command environment
[0.682s] DEBUG:colcon.colcon_core.event_handler.log_command:Invoking command in '/home/albinovo/ros2_ws/src/porsche/build/porsche': CMAKE_PREFIX_PATH=${CMAKE_PREFIX_PATH}:/home/albinovo/ros2_ws/install/python_parameters:/home/albinovo/ros2_ws/install/python_action:/home/albinovo/ros2_ws/install/py_srvcli:/home/albinovo/ros2_ws/install/py_pubsub:/home/albinovo/ros2_ws/install/car_controller:/home/albinovo/ros2_ws/install/autocar_servcli:/home/albinovo/ros2_ws/install/autocar_pubsub:/home/albinovo/ros2_ws/install/autocar_parameters:/home/albinovo/ros2_ws/install/autocar_parameter_event_handler:/home/albinovo/ros2_ws/install/autocar_action_manager:/opt/ros/jazzy /usr/bin/cmake /home/albinovo/ros2_ws/src/porsche -DCMAKE_INSTALL_PREFIX=/home/albinovo/ros2_ws/src/porsche/install/porsche
[6.093s] DEBUG:colcon.colcon_core.event_handler.log_command:Invoked command in '/home/albinovo/ros2_ws/src/porsche/build/porsche' returned '0': CMAKE_PREFIX_PATH=${CMAKE_PREFIX_PATH}:/home/albinovo/ros2_ws/install/python_parameters:/home/albinovo/ros2_ws/install/python_action:/home/albinovo/ros2_ws/install/py_srvcli:/home/albinovo/ros2_ws/install/py_pubsub:/home/albinovo/ros2_ws/install/car_controller:/home/albinovo/ros2_ws/install/autocar_servcli:/home/albinovo/ros2_ws/install/autocar_pubsub:/home/albinovo/ros2_ws/install/autocar_parameters:/home/albinovo/ros2_ws/install/autocar_parameter_event_handler:/home/albinovo/ros2_ws/install/autocar_action_manager:/opt/ros/jazzy /usr/bin/cmake /home/albinovo/ros2_ws/src/porsche -DCMAKE_INSTALL_PREFIX=/home/albinovo/ros2_ws/src/porsche/install/porsche
[6.096s] DEBUG:colcon.colcon_core.event_handler.log_command:Invoking command in '/home/albinovo/ros2_ws/src/porsche/build/porsche': CMAKE_PREFIX_PATH=${CMAKE_PREFIX_PATH}:/home/albinovo/ros2_ws/install/python_parameters:/home/albinovo/ros2_ws/install/python_action:/home/albinovo/ros2_ws/install/py_srvcli:/home/albinovo/ros2_ws/install/py_pubsub:/home/albinovo/ros2_ws/install/car_controller:/home/albinovo/ros2_ws/install/autocar_servcli:/home/albinovo/ros2_ws/install/autocar_pubsub:/home/albinovo/ros2_ws/install/autocar_parameters:/home/albinovo/ros2_ws/install/autocar_parameter_event_handler:/home/albinovo/ros2_ws/install/autocar_action_manager:/opt/ros/jazzy /usr/bin/cmake --build /home/albinovo/ros2_ws/src/porsche/build/porsche -- -j12 -l12
[6.223s] DEBUG:colcon.colcon_core.event_handler.log_command:Invoked command in '/home/albinovo/ros2_ws/src/porsche/build/porsche' returned '0': CMAKE_PREFIX_PATH=${CMAKE_PREFIX_PATH}:/home/albinovo/ros2_ws/install/python_parameters:/home/albinovo/ros2_ws/install/python_action:/home/albinovo/ros2_ws/install/py_srvcli:/home/albinovo/ros2_ws/install/py_pubsub:/home/albinovo/ros2_ws/install/car_controller:/home/albinovo/ros2_ws/install/autocar_servcli:/home/albinovo/ros2_ws/install/autocar_pubsub:/home/albinovo/ros2_ws/install/autocar_parameters:/home/albinovo/ros2_ws/install/autocar_parameter_event_handler:/home/albinovo/ros2_ws/install/autocar_action_manager:/opt/ros/jazzy /usr/bin/cmake --build /home/albinovo/ros2_ws/src/porsche/build/porsche -- -j12 -l12
[6.252s] DEBUG:colcon.colcon_core.event_handler.log_command:Invoking command in '/home/albinovo/ros2_ws/src/porsche/build/porsche': CMAKE_PREFIX_PATH=${CMAKE_PREFIX_PATH}:/home/albinovo/ros2_ws/install/python_parameters:/home/albinovo/ros2_ws/install/python_action:/home/albinovo/ros2_ws/install/py_srvcli:/home/albinovo/ros2_ws/install/py_pubsub:/home/albinovo/ros2_ws/install/car_controller:/home/albinovo/ros2_ws/install/autocar_servcli:/home/albinovo/ros2_ws/install/autocar_pubsub:/home/albinovo/ros2_ws/install/autocar_parameters:/home/albinovo/ros2_ws/install/autocar_parameter_event_handler:/home/albinovo/ros2_ws/install/autocar_action_manager:/opt/ros/jazzy /usr/bin/cmake --install /home/albinovo/ros2_ws/src/porsche/build/porsche
[6.316s] Level 1:colcon.colcon_core.environment:create_environment_scripts_only(porsche)
[6.317s] DEBUG:colcon.colcon_core.event_handler.log_command:Invoked command in '/home/albinovo/ros2_ws/src/porsche/build/porsche' returned '0': CMAKE_PREFIX_PATH=${CMAKE_PREFIX_PATH}:/home/albinovo/ros2_ws/install/python_parameters:/home/albinovo/ros2_ws/install/python_action:/home/albinovo/ros2_ws/install/py_srvcli:/home/albinovo/ros2_ws/install/py_pubsub:/home/albinovo/ros2_ws/install/car_controller:/home/albinovo/ros2_ws/install/autocar_servcli:/home/albinovo/ros2_ws/install/autocar_pubsub:/home/albinovo/ros2_ws/install/autocar_parameters:/home/albinovo/ros2_ws/install/autocar_parameter_event_handler:/home/albinovo/ros2_ws/install/autocar_action_manager:/opt/ros/jazzy /usr/bin/cmake --install /home/albinovo/ros2_ws/src/porsche/build/porsche
[6.321s] Level 1:colcon.colcon_core.environment:checking '/home/albinovo/ros2_ws/src/porsche/install/porsche' for CMake module files
[6.322s] Level 1:colcon.colcon_core.environment:checking '/home/albinovo/ros2_ws/src/porsche/install/porsche' for CMake config files
[6.323s] Level 1:colcon.colcon_core.shell:create_environment_hook('porsche', 'cmake_prefix_path')
[6.323s] INFO:colcon.colcon_core.shell:Creating environment hook '/home/albinovo/ros2_ws/src/porsche/install/porsche/share/porsche/hook/cmake_prefix_path.ps1'
[6.325s] INFO:colcon.colcon_core.shell:Creating environment descriptor '/home/albinovo/ros2_ws/src/porsche/install/porsche/share/porsche/hook/cmake_prefix_path.dsv'
[6.326s] INFO:colcon.colcon_core.shell:Creating environment hook '/home/albinovo/ros2_ws/src/porsche/install/porsche/share/porsche/hook/cmake_prefix_path.sh'
[6.327s] Level 1:colcon.colcon_core.environment:checking '/home/albinovo/ros2_ws/src/porsche/install/porsche/bin'
[6.328s] Level 1:colcon.colcon_core.environment:checking '/home/albinovo/ros2_ws/src/porsche/install/porsche/lib/pkgconfig/porsche.pc'
[6.328s] Level 1:colcon.colcon_core.environment:checking '/home/albinovo/ros2_ws/src/porsche/install/porsche/lib/python3.12/site-packages'
[6.329s] Level 1:colcon.colcon_core.environment:checking '/home/albinovo/ros2_ws/src/porsche/install/porsche/bin'
[6.329s] INFO:colcon.colcon_core.shell:Creating package script '/home/albinovo/ros2_ws/src/porsche/install/porsche/share/porsche/package.ps1'
[6.331s] INFO:colcon.colcon_core.shell:Creating package descriptor '/home/albinovo/ros2_ws/src/porsche/install/porsche/share/porsche/package.dsv'
[6.332s] INFO:colcon.colcon_core.shell:Creating package script '/home/albinovo/ros2_ws/src/porsche/install/porsche/share/porsche/package.sh'
[6.333s] INFO:colcon.colcon_core.shell:Creating package script '/home/albinovo/ros2_ws/src/porsche/install/porsche/share/porsche/package.bash'
[6.334s] INFO:colcon.colcon_core.shell:Creating package script '/home/albinovo/ros2_ws/src/porsche/install/porsche/share/porsche/package.zsh'
[6.335s] Level 1:colcon.colcon_core.environment:create_file_with_runtime_dependencies(/home/albinovo/ros2_ws/src/porsche/install/porsche/share/colcon-core/packages/porsche)
[6.339s] Level 1:colcon.colcon_core.environment:create_environment_scripts_only(porsche)
[6.339s] Level 1:colcon.colcon_core.environment:checking '/home/albinovo/ros2_ws/src/porsche/install/porsche' for CMake module files
[6.340s] Level 1:colcon.colcon_core.environment:checking '/home/albinovo/ros2_ws/src/porsche/install/porsche' for CMake config files
[6.341s] Level 1:colcon.colcon_core.shell:create_environment_hook('porsche', 'cmake_prefix_path')
[6.341s] INFO:colcon.colcon_core.shell:Creating environment hook '/home/albinovo/ros2_ws/src/porsche/install/porsche/share/porsche/hook/cmake_prefix_path.ps1'
[6.342s] INFO:colcon.colcon_core.shell:Creating environment descriptor '/home/albinovo/ros2_ws/src/porsche/install/porsche/share/porsche/hook/cmake_prefix_path.dsv'
[6.343s] INFO:colcon.colcon_core.shell:Creating environment hook '/home/albinovo/ros2_ws/src/porsche/install/porsche/share/porsche/hook/cmake_prefix_path.sh'
[6.344s] Level 1:colcon.colcon_core.environment:checking '/home/albinovo/ros2_ws/src/porsche/install/porsche/bin'
[6.344s] Level 1:colcon.colcon_core.environment:checking '/home/albinovo/ros2_ws/src/porsche/install/porsche/lib/pkgconfig/porsche.pc'
[6.345s] Level 1:colcon.colcon_core.environment:checking '/home/albinovo/ros2_ws/src/porsche/install/porsche/lib/python3.12/site-packages'
[6.345s] Level 1:colcon.colcon_core.environment:checking '/home/albinovo/ros2_ws/src/porsche/install/porsche/bin'
[6.346s] INFO:colcon.colcon_core.shell:Creating package script '/home/albinovo/ros2_ws/src/porsche/install/porsche/share/porsche/package.ps1'
[6.347s] INFO:colcon.colcon_core.shell:Creating package descriptor '/home/albinovo/ros2_ws/src/porsche/install/porsche/share/porsche/package.dsv'
[6.348s] INFO:colcon.colcon_core.shell:Creating package script '/home/albinovo/ros2_ws/src/porsche/install/porsche/share/porsche/package.sh'
[6.349s] INFO:colcon.colcon_core.shell:Creating package script '/home/albinovo/ros2_ws/src/porsche/install/porsche/share/porsche/package.bash'
[6.350s] INFO:colcon.colcon_core.shell:Creating package script '/home/albinovo/ros2_ws/src/porsche/install/porsche/share/porsche/package.zsh'
[6.350s] Level 1:colcon.colcon_core.environment:create_file_with_runtime_dependencies(/home/albinovo/ros2_ws/src/porsche/install/porsche/share/colcon-core/packages/porsche)
[6.351s] DEBUG:colcon.colcon_parallel_executor.executor.parallel:closing loop
[6.352s] DEBUG:colcon.colcon_parallel_executor.executor.parallel:loop closed
[6.353s] DEBUG:colcon.colcon_parallel_executor.executor.parallel:run_until_complete finished with '0'
[6.353s] DEBUG:colcon.colcon_core.event_reactor:joining thread
[6.427s] INFO:colcon.colcon_core.plugin_system:Skipping extension 'colcon_notification.desktop_notification.notify_send': Could not find 'notify-send'
[6.427s] INFO:colcon.colcon_core.plugin_system:Skipping extension 'colcon_notification.desktop_notification.terminal_notifier': Not used on non-Darwin systems
[6.427s] INFO:colcon.colcon_core.plugin_system:Skipping extension 'colcon_notification.desktop_notification.win32': Not used on non-Windows systems
[6.427s] INFO:colcon.colcon_notification.desktop_notification:Sending desktop notification using 'notify2'
[6.430s] DEBUG:colcon.colcon_notification.desktop_notification.notify2:Failed to initialize notify2: org.freedesktop.DBus.Error.ServiceUnknown: The name org.freedesktop.Notifications was not provided by any .service files
[6.430s] DEBUG:colcon.colcon_core.event_reactor:joined thread
[6.430s] INFO:colcon.colcon_core.shell:Creating prefix script '/home/albinovo/ros2_ws/src/porsche/install/local_setup.ps1'
[6.432s] INFO:colcon.colcon_core.shell:Creating prefix util module '/home/albinovo/ros2_ws/src/porsche/install/_local_setup_util_ps1.py'
[6.434s] INFO:colcon.colcon_core.shell:Creating prefix chain script '/home/albinovo/ros2_ws/src/porsche/install/setup.ps1'
[6.436s] INFO:colcon.colcon_core.shell:Creating prefix script '/home/albinovo/ros2_ws/src/porsche/install/local_setup.sh'
[6.437s] INFO:colcon.colcon_core.shell:Creating prefix util module '/home/albinovo/ros2_ws/src/porsche/install/_local_setup_util_sh.py'
[6.438s] INFO:colcon.colcon_core.shell:Creating prefix chain script '/home/albinovo/ros2_ws/src/porsche/install/setup.sh'
[6.440s] INFO:colcon.colcon_core.shell:Creating prefix script '/home/albinovo/ros2_ws/src/porsche/install/local_setup.bash'
[6.441s] INFO:colcon.colcon_core.shell:Creating prefix chain script '/home/albinovo/ros2_ws/src/porsche/install/setup.bash'
[6.443s] INFO:colcon.colcon_core.shell:Creating prefix script '/home/albinovo/ros2_ws/src/porsche/install/local_setup.zsh'
[6.444s] INFO:colcon.colcon_core.shell:Creating prefix chain script '/home/albinovo/ros2_ws/src/porsche/install/setup.zsh'
